-------------------------------------------------------------------------------
Test set: com.obss.app.MentorApplicationTests
-------------------------------------------------------------------------------
Tests run: 1, Failures: 0, Errors: 1, Skipped: 0, Time elapsed: 0.348 s <<< FAILURE! - in com.obss.app.MentorApplicationTests
com.obss.app.MentorApplicationTests  Time elapsed: 0.347 s  <<< ERROR!
java.lang.IllegalStateException: Unable to find a @SpringBootConfiguration, you need to use @ContextConfiguration or @SpringBootTest(classes=...) with your test

