<?xml version="1.0" encoding="UTF-8"?>
<testsuite xmlns:xsi="http://www.w3.org/2001/XMLSchema-instance" xsi:noNamespaceSchemaLocation="https://maven.apache.org/surefire/maven-surefire-plugin/xsd/surefire-test-report.xsd" name="com.obss.app.MentorApplicationTests" time="0.348" tests="1" errors="1" skipped="0" failures="0">
  <properties>
[...]
</properties>
  <testcase name="com.obss.app.MentorApplicationTests" classname="com.obss.app.MentorApplicationTests" time="0.347">
    <error message="Unable to find a @SpringBootConfiguration, you need to use @ContextConfiguration or @SpringBootTest(classes=...) with your test" type="java.lang.IllegalStateException">java.lang.IllegalStateException: Unable to find a @SpringBootConfiguration, you need to use @ContextConfiguration or @SpringBootTest(classes=...) with your test
</error>
    <system-out><![CDATA[14:24:15.855 [main] DEBUG org.springframework.test.context.BootstrapUtils - Instantiating CacheAwareContextLoaderDelegate from class [org.springframework.test.context.cache.DefaultCacheAwareContextLoaderDelegate]
14:24:15.868 [main] DEBUG org.springframework.test.context.BootstrapUtils - Instantiating BootstrapContext using constructor [public org.springframework.test.context.support.DefaultBootstrapContext(java.lang.Class,org.springframework.test.context.CacheAwareContextLoaderDelegate)]
14:24:15.907 [main] DEBUG org.springframework.test.context.BootstrapUtils - Instantiating TestContextBootstrapper for test class [com.obss.app.MentorApplicationTests] from class [org.springframework.boot.test.context.SpringBootTestContextBootstrapper]
14:24:15.927 [main] INFO org.springframework.boot.test.context.SpringBootTestContextBootstrapper - Neither @ContextConfiguration nor @ContextHierarchy found for test class [com.obss.app.MentorApplicationTests], using SpringBootContextLoader
14:24:15.932 [main] DEBUG org.springframework.test.context.support.AbstractContextLoader - Did not detect default resource location for test class [com.obss.app.MentorApplicationTests]: class path resource [com/obss/app/MentorApplicationTests-context.xml] does not exist
14:24:15.932 [main] DEBUG org.springframework.test.context.support.AbstractContextLoader - Did not detect default resource location for test class [com.obss.app.MentorApplicationTests]: class path resource [com/obss/app/MentorApplicationTestsContext.groovy] does not exist
14:24:15.933 [main] INFO org.springframework.test.context.support.AbstractContextLoader - Could not detect default resource locations for test class [com.obss.app.MentorApplicationTests]: no resource found for suffixes {-context.xml, Context.groovy}.
14:24:15.934 [main] INFO org.springframework.test.context.support.AnnotationConfigContextLoaderUtils - Could not detect default configuration classes for test class [com.obss.app.MentorApplicationTests]: MentorApplicationTests does not declare any static, non-private, non-final, nested classes annotated with @Configuration.
14:24:15.979 [main] DEBUG org.springframework.test.context.support.ActiveProfilesUtils - Could not find an 'annotation declaring class' for annotation type [org.springframework.test.context.ActiveProfiles] and class [com.obss.app.MentorApplicationTests]
14:24:16.053 [main] DEBUG org.springframework.test.context.BootstrapUtils - Instantiating CacheAwareContextLoaderDelegate from class [org.springframework.test.context.cache.DefaultCacheAwareContextLoaderDelegate]
14:24:16.054 [main] DEBUG org.springframework.test.context.BootstrapUtils - Instantiating BootstrapContext using constructor [public org.springframework.test.context.support.DefaultBootstrapContext(java.lang.Class,org.springframework.test.context.CacheAwareContextLoaderDelegate)]
14:24:16.054 [main] DEBUG org.springframework.test.context.BootstrapUtils - Instantiating TestContextBootstrapper for test class [com.obss.app.MentorApplicationTests] from class [org.springframework.boot.test.context.SpringBootTestContextBootstrapper]
14:24:16.055 [main] INFO org.springframework.boot.test.context.SpringBootTestContextBootstrapper - Neither @ContextConfiguration nor @ContextHierarchy found for test class [com.obss.app.MentorApplicationTests], using SpringBootContextLoader
14:24:16.055 [main] DEBUG org.springframework.test.context.support.AbstractContextLoader - Did not detect default resource location for test class [com.obss.app.MentorApplicationTests]: class path resource [com/obss/app/MentorApplicationTests-context.xml] does not exist
14:24:16.056 [main] DEBUG org.springframework.test.context.support.AbstractContextLoader - Did not detect default resource location for test class [com.obss.app.MentorApplicationTests]: class path resource [com/obss/app/MentorApplicationTestsContext.groovy] does not exist
14:24:16.056 [main] INFO org.springframework.test.context.support.AbstractContextLoader - Could not detect default resource locations for test class [com.obss.app.MentorApplicationTests]: no resource found for suffixes {-context.xml, Context.groovy}.
14:24:16.056 [main] INFO org.springframework.test.context.support.AnnotationConfigContextLoaderUtils - Could not detect default configuration classes for test class [com.obss.app.MentorApplicationTests]: MentorApplicationTests does not declare any static, non-private, non-final, nested classes annotated with @Configuration.
14:24:16.057 [main] DEBUG org.springframework.test.context.support.ActiveProfilesUtils - Could not find an 'annotation declaring class' for annotation type [org.springframework.test.context.ActiveProfiles] and class [com.obss.app.MentorApplicationTests]
14:24:16.091 [main] DEBUG org.springframework.test.context.BootstrapUtils - Instantiating CacheAwareContextLoaderDelegate from class [org.springframework.test.context.cache.DefaultCacheAwareContextLoaderDelegate]
14:24:16.091 [main] DEBUG org.springframework.test.context.BootstrapUtils - Instantiating BootstrapContext using constructor [public org.springframework.test.context.support.DefaultBootstrapContext(java.lang.Class,org.springframework.test.context.CacheAwareContextLoaderDelegate)]
14:24:16.092 [main] DEBUG org.springframework.test.context.BootstrapUtils - Instantiating TestContextBootstrapper for test class [com.obss.app.MentorApplicationTests] from class [org.springframework.boot.test.context.SpringBootTestContextBootstrapper]
14:24:16.094 [main] INFO org.springframework.boot.test.context.SpringBootTestContextBootstrapper - Neither @ContextConfiguration nor @ContextHierarchy found for test class [com.obss.app.MentorApplicationTests], using SpringBootContextLoader
14:24:16.095 [main] DEBUG org.springframework.test.context.support.AbstractContextLoader - Did not detect default resource location for test class [com.obss.app.MentorApplicationTests]: class path resource [com/obss/app/MentorApplicationTests-context.xml] does not exist
14:24:16.095 [main] DEBUG org.springframework.test.context.support.AbstractContextLoader - Did not detect default resource location for test class [com.obss.app.MentorApplicationTests]: class path resource [com/obss/app/MentorApplicationTestsContext.groovy] does not exist
14:24:16.096 [main] INFO org.springframework.test.context.support.AbstractContextLoader - Could not detect default resource locations for test class [com.obss.app.MentorApplicationTests]: no resource found for suffixes {-context.xml, Context.groovy}.
14:24:16.096 [main] INFO org.springframework.test.context.support.AnnotationConfigContextLoaderUtils - Could not detect default configuration classes for test class [com.obss.app.MentorApplicationTests]: MentorApplicationTests does not declare any static, non-private, non-final, nested classes annotated with @Configuration.
14:24:16.097 [main] DEBUG org.springframework.test.context.support.ActiveProfilesUtils - Could not find an 'annotation declaring class' for annotation type [org.springframework.test.context.ActiveProfiles] and class [com.obss.app.MentorApplicationTests]
]]></system-out>
  </testcase>
</testsuite>